<?xml version="1.0" encoding="UTF-8"?>
<!-- Generated by org.testng.reporters.JUnitReportReporter -->
<testsuite hostname="DESKTOP-7DF5OBK" failures="0" tests="1" name="com.Grammer.GrammerTest" time="127.408" errors="0" timestamp="2022-06-07T09:45:19 IST" skipped="0">
  <testcase classname="com.Grammer.GrammerTest" name="test" time="127.408"/>
  <system-out/>
</testsuite> <!-- com.Grammer.GrammerTest -->
